#
# There is insufficient memory for the Java Runtime Environment to continue.
# Native memory allocation (malloc) failed to allocate 610656 bytes for Chunk::new
# Possible reasons:
#   The system is out of physical RAM or swap space
#   The process is running with CompressedOops enabled, and the Java Heap may be blocking the growth of the native heap
# Possible solutions:
#   Reduce memory load on the system
#   Increase physical memory or swap space
#   Check if swap backing store is full
#   Decrease Java heap size (-Xmx/-Xms)
#   Decrease number of Java threads
#   Decrease Java thread stack sizes (-Xss)
#   Set larger code cache with -XX:ReservedCodeCacheSize=
#   JVM is running with Unscaled Compressed Oops mode in which the Java heap is
#     placed in the first 4GB address space. The Java Heap base address is the
#     maximum limit for the native heap growth. Please use -XX:HeapBaseMinAddress
#     to set the Java Heap base and to place the Java Heap above 4GB virtual address.
# This output file may be truncated or incomplete.
#
#  Out of Memory Error (arena.cpp:184), pid=28816, tid=30968
#
# JRE version: Java(TM) SE Runtime Environment (18.0.2.1+1) (build 18.0.2.1+1-1)
# Java VM: Java HotSpot(TM) 64-Bit Server VM (18.0.2.1+1-1, mixed mode, sharing, tiered, compressed oops, compressed class ptrs, parallel gc, windows-amd64)
# No core dump will be written. Minidumps are not enabled by default on client versions of Windows
#

---------------  S U M M A R Y ------------

Command Line: --add-modules=ALL-SYSTEM --add-opens=java.base/java.util=ALL-UNNAMED --add-opens=java.base/java.lang=ALL-UNNAMED --add-opens=java.base/sun.nio.fs=ALL-UNNAMED -Declipse.application=org.eclipse.jdt.ls.core.id1 -Dosgi.bundles.defaultStartLevel=4 -Declipse.product=org.eclipse.jdt.ls.core.product -Djava.import.generatesMetadataFilesAtProjectRoot=false -DDetectVMInstallationsJob.disabled=true -Dfile.encoding=utf8 -XX:+UseParallelGC -XX:GCTimeRatio=4 -XX:AdaptiveSizePolicyWeight=90 -Dsun.zip.disableMemoryMapping=true -Xmx1G -Xms100m -Xlog:disable -javaagent:c:\Users\ASUS\.vscode\extensions\redhat.java-1.27.0-win32-x64\lombok\lombok-1.18.31.jar c:\Users\ASUS\.vscode\extensions\redhat.java-1.27.0-win32-x64\server\plugins\org.eclipse.equinox.launcher_1.6.700.v20231214-2017.jar -configuration c:\Users\ASUS\AppData\Roaming\Code\User\globalStorage\redhat.java\1.27.0\config_ss_win -data c:\Users\ASUS\AppData\Roaming\Code\User\workspaceStorage\cafc658c12b68cc25240b6ff30f7dd56\redhat.java\ss_ws --stdio

Host: Intel(R) Core(TM) i5-10300H CPU @ 2.50GHz, 8 cores, 7G,  Windows 11 , 64 bit Build 22000 (10.0.22000.2538)
Time: Tue Feb 20 22:04:51 2024 India Standard Time elapsed time: 5.631155 seconds (0d 0h 0m 5s)

---------------  T H R E A D  ---------------

Current thread (0x000002de7c971500):  JavaThread "C2 CompilerThread0" daemon [_thread_in_native, id=30968, stack(0x000000f497300000,0x000000f497400000)]


Current CompileTask:
C2:   5631 2549       4       org.lombokweb.asm.ClassReader::readMethod (1066 bytes)

Stack: [0x000000f497300000,0x000000f497400000]
Native frames: (J=compiled Java code, j=interpreted, Vv=VM code, C=native code)
V  [jvm.dll+0x6993aa]
V  [jvm.dll+0x7f46dd]
V  [jvm.dll+0x7f5fee]
V  [jvm.dll+0x7f66a3]
V  [jvm.dll+0x25cf1f]
V  [jvm.dll+0xb8c2f]
V  [jvm.dll+0xb8fa5]
V  [jvm.dll+0x2c7e2f]
V  [jvm.dll+0x5a0d8e]
V  [jvm.dll+0x2388de]
V  [jvm.dll+0x231ea5]
V  [jvm.dll+0x22f3cb]
V  [jvm.dll+0x1ba01c]
V  [jvm.dll+0x23ee0a]
V  [jvm.dll+0x23d0f5]
V  [jvm.dll+0x7a6dd1]
V  [jvm.dll+0x7a120a]
V  [jvm.dll+0x698255]
C  [ucrtbase.dll+0x26c0c]
C  [KERNEL32.DLL+0x153e0]
C  [ntdll.dll+0x485b]


---------------  P R O C E S S  ---------------

Threads class SMR info:
_java_thread_list=0x000002de1b8a6390, length=22, elements={
0x000002de7a6c5e80, 0x000002de7c94bb40, 0x000002de7c94d140, 0x000002de7c960930,
0x000002de7c9635a0, 0x000002de7c9649a0, 0x000002de7c966af0, 0x000002de7c971500,
0x000002de7c973a50, 0x000002de7c9852a0, 0x000002de7a788540, 0x000002de1ae3c6c0,
0x000002de1ac1f430, 0x000002de1b503de0, 0x000002de1b5042a0, 0x000002de1b502610,
0x000002de1b7151f0, 0x000002de1b690450, 0x000002de1b9ef720, 0x000002de1b9f00c0,
0x000002de1b665050, 0x000002de1b9edf10
}

Java Threads: ( => current thread )
  0x000002de7a6c5e80 JavaThread "main" [_thread_blocked, id=15488, stack(0x000000f496a00000,0x000000f496b00000)]
  0x000002de7c94bb40 JavaThread "Reference Handler" daemon [_thread_blocked, id=10596, stack(0x000000f496d00000,0x000000f496e00000)]
  0x000002de7c94d140 JavaThread "Finalizer" daemon [_thread_blocked, id=19204, stack(0x000000f496e00000,0x000000f496f00000)]
  0x000002de7c960930 JavaThread "Signal Dispatcher" daemon [_thread_blocked, id=31508, stack(0x000000f496f00000,0x000000f497000000)]
  0x000002de7c9635a0 JavaThread "Attach Listener" daemon [_thread_blocked, id=30880, stack(0x000000f497000000,0x000000f497100000)]
  0x000002de7c9649a0 JavaThread "Service Thread" daemon [_thread_blocked, id=10724, stack(0x000000f497100000,0x000000f497200000)]
  0x000002de7c966af0 JavaThread "Monitor Deflation Thread" daemon [_thread_blocked, id=31596, stack(0x000000f497200000,0x000000f497300000)]
=>0x000002de7c971500 JavaThread "C2 CompilerThread0" daemon [_thread_in_native, id=30968, stack(0x000000f497300000,0x000000f497400000)]
  0x000002de7c973a50 JavaThread "C1 CompilerThread0" daemon [_thread_blocked, id=8332, stack(0x000000f497400000,0x000000f497500000)]
  0x000002de7c9852a0 JavaThread "Sweeper thread" daemon [_thread_blocked, id=26184, stack(0x000000f497500000,0x000000f497600000)]
  0x000002de7a788540 JavaThread "Common-Cleaner" daemon [_thread_blocked, id=8824, stack(0x000000f497600000,0x000000f497700000)]
  0x000002de1ae3c6c0 JavaThread "Notification Thread" daemon [_thread_blocked, id=19428, stack(0x000000f497700000,0x000000f497800000)]
  0x000002de1ac1f430 JavaThread "Active Thread: Equinox Container: 500e7974-f034-4504-ae08-93b28d986e38" [_thread_blocked, id=16444, stack(0x000000f498100000,0x000000f498200000)]
  0x000002de1b503de0 JavaThread "Framework Event Dispatcher: Equinox Container: 500e7974-f034-4504-ae08-93b28d986e38" daemon [_thread_blocked, id=9956, stack(0x000000f498200000,0x000000f498300000)]
  0x000002de1b5042a0 JavaThread "Start Level: Equinox Container: 500e7974-f034-4504-ae08-93b28d986e38" daemon [_thread_in_vm, id=16204, stack(0x000000f498300000,0x000000f498400000)]
  0x000002de1b502610 JavaThread "SCR Component Actor" daemon [_thread_blocked, id=24068, stack(0x000000f498400000,0x000000f498500000)]
  0x000002de1b7151f0 JavaThread "SCR Component Registry" daemon [_thread_blocked, id=30096, stack(0x000000f498000000,0x000000f498100000)]
  0x000002de1b690450 JavaThread "Worker-JM" [_thread_blocked, id=10032, stack(0x000000f498500000,0x000000f498600000)]
  0x000002de1b9ef720 JavaThread "Worker-0" [_thread_blocked, id=17492, stack(0x000000f498600000,0x000000f498700000)]
  0x000002de1b9f00c0 JavaThread "Worker-1" [_thread_blocked, id=28036, stack(0x000000f498700000,0x000000f498800000)]
  0x000002de1b665050 JavaThread "C2 CompilerThread1" daemon [_thread_in_native, id=26984, stack(0x000000f498800000,0x000000f498900000)]
  0x000002de1b9edf10 JavaThread "Worker-2" [_thread_blocked, id=31028, stack(0x000000f498900000,0x000000f498a00000)]

Other Threads:
  0x000002de7c9468d0 VMThread "VM Thread" [stack: 0x000000f496c00000,0x000000f496d00000] [id=708]
  0x000002de1af52420 WatcherThread "VM Periodic Task Thread" [stack: 0x000000f497800000,0x000000f497900000] [id=25136]
  0x000002de7a6df670 WorkerThread "GC Thread#0" [stack: 0x000000f496b00000,0x000000f496c00000] [id=26180]
  0x000002de1ae60360 WorkerThread "GC Thread#1" [stack: 0x000000f497900000,0x000000f497a00000] [id=27656]
  0x000002de1b520a80 WorkerThread "GC Thread#2" [stack: 0x000000f497a00000,0x000000f497b00000] [id=26340]
  0x000002de1b520d20 WorkerThread "GC Thread#3" [stack: 0x000000f497b00000,0x000000f497c00000] [id=26160]
  0x000002de1b384f70 WorkerThread "GC Thread#4" [stack: 0x000000f497c00000,0x000000f497d00000] [id=19476]
  0x000002de1b385210 WorkerThread "GC Thread#5" [stack: 0x000000f497d00000,0x000000f497e00000] [id=26012]
  0x000002de1b3854b0 WorkerThread "GC Thread#6" [stack: 0x000000f497e00000,0x000000f497f00000] [id=20584]
  0x000002de1b4d0050 WorkerThread "GC Thread#7" [stack: 0x000000f497f00000,0x000000f498000000] [id=24444]

Threads with active compile tasks:
C2 CompilerThread0     5688 2549       4       org.lombokweb.asm.ClassReader::readMethod (1066 bytes)
C2 CompilerThread1     5688 2580       4       org.lombokweb.asm.ClassVisitor::visitMethod (24 bytes)

VM state: not at safepoint (normal execution)

VM Mutex/Monitor currently owned by a thread: None

Heap address: 0x00000000c0000000, size: 1024 MB, Compressed Oops mode: 32-bit

CDS archive(s) mapped at: [0x0000000800000000-0x0000000800ba0000-0x0000000800ba0000), size 12189696, SharedBaseAddress: 0x0000000800000000, ArchiveRelocationMode: 0.
Compressed class space mapped at: 0x0000000800c00000-0x0000000840c00000, reserved size: 1073741824
Narrow klass base: 0x0000000800000000, Narrow klass shift: 0, Narrow klass range: 0x100000000

GC Precious Log:
 CardTable entry size: 512
 CPUs: 8 total, 8 available
 Memory: 8029M
 Large Page Support: Disabled
 NUMA Support: Disabled
 Compressed Oops: Enabled (32-bit)
 Alignments: Space 512K, Generation 512K, Heap 2M
 Heap Min Capacity: 100M
 Heap Initial Capacity: 100M
 Heap Max Capacity: 1G
 Pre-touch: Disabled
 Parallel Workers: 8

Heap:
 PSYoungGen      total 29696K, used 23524K [0x00000000eab00000, 0x00000000ecc00000, 0x0000000100000000)
  eden space 25600K, 75% used [0x00000000eab00000,0x00000000ebdff218,0x00000000ec400000)
  from space 4096K, 99% used [0x00000000ec800000,0x00000000ecbf9ee0,0x00000000ecc00000)
  to   space 4096K, 0% used [0x00000000ec400000,0x00000000ec400000,0x00000000ec800000)
 ParOldGen       total 68608K, used 5596K [0x00000000c0000000, 0x00000000c4300000, 0x00000000eab00000)
  object space 68608K, 8% used [0x00000000c0000000,0x00000000c0577140,0x00000000c4300000)
 Metaspace       used 19463K, committed 20096K, reserved 1114112K
  class space    used 1791K, committed 2048K, reserved 1048576K

Card table byte_map: [0x000002de7a090000,0x000002de7a2a0000] _byte_map_base: 0x000002de79a90000

Marking Bits: (ParMarkBitMap*) 0x00007ff9f26ffbb0
 Begin Bits: [0x000002de7a790000, 0x000002de7b790000)
 End Bits:   [0x000002de7b790000, 0x000002de7c790000)

Polling page: 0x000002de786d0000

Metaspace:

Usage:
  Non-class:     17.26 MB used.
      Class:      1.75 MB used.
       Both:     19.01 MB used.

Virtual space:
  Non-class space:       64.00 MB reserved,      17.62 MB ( 28%) committed,  1 nodes.
      Class space:        1.00 GB reserved,       2.00 MB ( <1%) committed,  1 nodes.
             Both:        1.06 GB reserved,      19.62 MB (  2%) committed. 

Chunk freelists:
   Non-Class:  2.23 MB
       Class:  1.81 MB
        Both:  4.05 MB

MaxMetaspaceSize: unlimited
CompressedClassSpaceSize: 1.00 GB
Initial GC threshold: 21.00 MB
Current GC threshold: 21.00 MB
CDS: on
MetaspaceReclaimPolicy: balanced
 - commit_granule_bytes: 65536.
 - commit_granule_words: 8192.
 - virtual_space_node_default_size: 8388608.
 - enlarge_chunks_in_place: 1.
 - new_chunks_are_fully_committed: 0.
 - uncommit_free_chunks: 1.
 - use_allocation_guard: 0.


Internal statistics:

num_allocs_failed_limit: 0.
num_arena_births: 424.
num_arena_deaths: 0.
num_vsnodes_births: 2.
num_vsnodes_deaths: 0.
num_space_committed: 314.
num_space_uncommitted: 0.
num_chunks_returned_to_freelist: 0.
num_chunks_taken_from_freelist: 1124.
num_chunk_merges: 0.
num_chunk_splits: 740.
num_chunks_enlarged: 514.
num_inconsistent_stats: 0.

CodeHeap 'non-profiled nmethods': size=120000Kb used=999Kb max_used=999Kb free=119000Kb
 bounds [0x000002de0f340000, 0x000002de0f5b0000, 0x000002de16870000]
CodeHeap 'profiled nmethods': size=120000Kb used=5197Kb max_used=5197Kb free=114802Kb
 bounds [0x000002de07e10000, 0x000002de08330000, 0x000002de0f340000]
CodeHeap 'non-nmethods': size=5760Kb used=1234Kb max_used=1244Kb free=4525Kb
 bounds [0x000002de07870000, 0x000002de07ae0000, 0x000002de07e10000]
 total_blobs=3113 nmethods=2577 adapters=450
 compilation: enabled
              stopped_count=0, restarted_count=0
 full_count=0

Compilation events (20 events):
Event: 5.595 Thread 0x000002de7c973a50 2563       3       org.lombokweb.asm.ByteVector::put11 (52 bytes)
Event: 5.595 Thread 0x000002de7c973a50 nmethod 2563 0x000002de08314510 code [0x000002de083146c0, 0x000002de083148c8]
Event: 5.595 Thread 0x000002de7c973a50 2565       3       org.lombokweb.asm.Label::put (83 bytes)
Event: 5.595 Thread 0x000002de7c973a50 nmethod 2565 0x000002de08314a10 code [0x000002de08314c20, 0x000002de08315058]
Event: 5.595 Thread 0x000002de7c973a50 2567       3       org.lombokweb.asm.MethodWriter::visitLabel (328 bytes)
Event: 5.596 Thread 0x000002de7c973a50 nmethod 2567 0x000002de08315210 code [0x000002de08315440, 0x000002de08315db8]
Event: 5.596 Thread 0x000002de7c973a50 2564       1       lombok.patcher.MethodLogistics::getReturnOpcode (5 bytes)
Event: 5.596 Thread 0x000002de7c973a50 nmethod 2564 0x000002de0f438210 code [0x000002de0f4383a0, 0x000002de0f438478]
Event: 5.596 Thread 0x000002de7c973a50 2568       3       org.lombokweb.asm.Symbol::getArgumentsAndReturnSizes (23 bytes)
Event: 5.596 Thread 0x000002de7c973a50 nmethod 2568 0x000002de08316010 code [0x000002de083161c0, 0x000002de08316348]
Event: 5.596 Thread 0x000002de7c973a50 2566       3       org.lombokweb.asm.Label::addForwardReference (102 bytes)
Event: 5.596 Thread 0x000002de7c973a50 nmethod 2566 0x000002de08316410 code [0x000002de083165c0, 0x000002de08316a48]
Event: 5.598 Thread 0x000002de1b665050 2569       4       java.util.zip.ZipFile::ensureOpen (40 bytes)
Event: 5.599 Thread 0x000002de1b665050 nmethod 2569 0x000002de0f438510 code [0x000002de0f438680, 0x000002de0f438738]
Event: 5.605 Thread 0x000002de1b665050 2570       4       java.util.ArrayList::isEmpty (13 bytes)
Event: 5.605 Thread 0x000002de1b665050 nmethod 2570 0x000002de0f438810 code [0x000002de0f438980, 0x000002de0f438a18]
Event: 5.606 Thread 0x000002de1b665050 2571   !   4       org.eclipse.osgi.internal.loader.BundleLoader::getModuleClassLoader (196 bytes)
Event: 5.614 Thread 0x000002de1b665050 nmethod 2571 0x000002de0f438b10 code [0x000002de0f438ce0, 0x000002de0f4392d0]
Event: 5.617 Thread 0x000002de1b665050 2572   !   4       java.util.WeakHashMap::expungeStaleEntries (139 bytes)
Event: 5.620 Thread 0x000002de1b665050 nmethod 2572 0x000002de0f439790 code [0x000002de0f439920, 0x000002de0f439c48]

GC Heap History (8 events):
Event: 1.588 GC heap before
{Heap before GC invocations=1 (full 0):
 PSYoungGen      total 29696K, used 25600K [0x00000000eab00000, 0x00000000ecc00000, 0x0000000100000000)
  eden space 25600K, 100% used [0x00000000eab00000,0x00000000ec400000,0x00000000ec400000)
  from space 4096K, 0% used [0x00000000ec800000,0x00000000ec800000,0x00000000ecc00000)
  to   space 4096K, 0% used [0x00000000ec400000,0x00000000ec400000,0x00000000ec800000)
 ParOldGen       total 68608K, used 0K [0x00000000c0000000, 0x00000000c4300000, 0x00000000eab00000)
  object space 68608K, 0% used [0x00000000c0000000,0x00000000c0000000,0x00000000c4300000)
 Metaspace       used 4477K, committed 4672K, reserved 1114112K
  class space    used 414K, committed 512K, reserved 1048576K
}
Event: 1.604 GC heap after
{Heap after GC invocations=1 (full 0):
 PSYoungGen      total 29696K, used 3764K [0x00000000eab00000, 0x00000000ecc00000, 0x0000000100000000)
  eden space 25600K, 0% used [0x00000000eab00000,0x00000000eab00000,0x00000000ec400000)
  from space 4096K, 91% used [0x00000000ec400000,0x00000000ec7ad130,0x00000000ec800000)
  to   space 4096K, 0% used [0x00000000ec800000,0x00000000ec800000,0x00000000ecc00000)
 ParOldGen       total 68608K, used 8K [0x00000000c0000000, 0x00000000c4300000, 0x00000000eab00000)
  object space 68608K, 0% used [0x00000000c0000000,0x00000000c0002000,0x00000000c4300000)
 Metaspace       used 4477K, committed 4672K, reserved 1114112K
  class space    used 414K, committed 512K, reserved 1048576K
}
Event: 3.329 GC heap before
{Heap before GC invocations=2 (full 0):
 PSYoungGen      total 29696K, used 29364K [0x00000000eab00000, 0x00000000ecc00000, 0x0000000100000000)
  eden space 25600K, 100% used [0x00000000eab00000,0x00000000ec400000,0x00000000ec400000)
  from space 4096K, 91% used [0x00000000ec400000,0x00000000ec7ad130,0x00000000ec800000)
  to   space 4096K, 0% used [0x00000000ec800000,0x00000000ec800000,0x00000000ecc00000)
 ParOldGen       total 68608K, used 8K [0x00000000c0000000, 0x00000000c4300000, 0x00000000eab00000)
  object space 68608K, 0% used [0x00000000c0000000,0x00000000c0002000,0x00000000c4300000)
 Metaspace       used 8387K, committed 8640K, reserved 1114112K
  class space    used 798K, committed 896K, reserved 1048576K
}
Event: 3.337 GC heap after
{Heap after GC invocations=2 (full 0):
 PSYoungGen      total 29696K, used 4073K [0x00000000eab00000, 0x00000000ecc00000, 0x0000000100000000)
  eden space 25600K, 0% used [0x00000000eab00000,0x00000000eab00000,0x00000000ec400000)
  from space 4096K, 99% used [0x00000000ec800000,0x00000000ecbfa640,0x00000000ecc00000)
  to   space 4096K, 0% used [0x00000000ec400000,0x00000000ec400000,0x00000000ec800000)
 ParOldGen       total 68608K, used 1417K [0x00000000c0000000, 0x00000000c4300000, 0x00000000eab00000)
  object space 68608K, 2% used [0x00000000c0000000,0x00000000c01626f8,0x00000000c4300000)
 Metaspace       used 8387K, committed 8640K, reserved 1114112K
  class space    used 798K, committed 896K, reserved 1048576K
}
Event: 4.640 GC heap before
{Heap before GC invocations=3 (full 0):
 PSYoungGen      total 29696K, used 29673K [0x00000000eab00000, 0x00000000ecc00000, 0x0000000100000000)
  eden space 25600K, 100% used [0x00000000eab00000,0x00000000ec400000,0x00000000ec400000)
  from space 4096K, 99% used [0x00000000ec800000,0x00000000ecbfa640,0x00000000ecc00000)
  to   space 4096K, 0% used [0x00000000ec400000,0x00000000ec400000,0x00000000ec800000)
 ParOldGen       total 68608K, used 1417K [0x00000000c0000000, 0x00000000c4300000, 0x00000000eab00000)
  object space 68608K, 2% used [0x00000000c0000000,0x00000000c01626f8,0x00000000c4300000)
 Metaspace       used 13272K, committed 13760K, reserved 1114112K
  class space    used 1289K, committed 1536K, reserved 1048576K
}
Event: 4.648 GC heap after
{Heap after GC invocations=3 (full 0):
 PSYoungGen      total 29696K, used 4080K [0x00000000eab00000, 0x00000000ecc00000, 0x0000000100000000)
  eden space 25600K, 0% used [0x00000000eab00000,0x00000000eab00000,0x00000000ec400000)
  from space 4096K, 99% used [0x00000000ec400000,0x00000000ec7fc080,0x00000000ec800000)
  to   space 4096K, 0% used [0x00000000ec800000,0x00000000ec800000,0x00000000ecc00000)
 ParOldGen       total 68608K, used 3042K [0x00000000c0000000, 0x00000000c4300000, 0x00000000eab00000)
  object space 68608K, 4% used [0x00000000c0000000,0x00000000c02f8968,0x00000000c4300000)
 Metaspace       used 13272K, committed 13760K, reserved 1114112K
  class space    used 1289K, committed 1536K, reserved 1048576K
}
Event: 5.292 GC heap before
{Heap before GC invocations=4 (full 0):
 PSYoungGen      total 29696K, used 29680K [0x00000000eab00000, 0x00000000ecc00000, 0x0000000100000000)
  eden space 25600K, 100% used [0x00000000eab00000,0x00000000ec400000,0x00000000ec400000)
  from space 4096K, 99% used [0x00000000ec400000,0x00000000ec7fc080,0x00000000ec800000)
  to   space 4096K, 0% used [0x00000000ec800000,0x00000000ec800000,0x00000000ecc00000)
 ParOldGen       total 68608K, used 3042K [0x00000000c0000000, 0x00000000c4300000, 0x00000000eab00000)
  object space 68608K, 4% used [0x00000000c0000000,0x00000000c02f8968,0x00000000c4300000)
 Metaspace       used 15761K, committed 16384K, reserved 1114112K
  class space    used 1520K, committed 1792K, reserved 1048576K
}
Event: 5.297 GC heap after
{Heap after GC invocations=4 (full 0):
 PSYoungGen      total 29696K, used 4071K [0x00000000eab00000, 0x00000000ecc00000, 0x0000000100000000)
  eden space 25600K, 0% used [0x00000000eab00000,0x00000000eab00000,0x00000000ec400000)
  from space 4096K, 99% used [0x00000000ec800000,0x00000000ecbf9ee0,0x00000000ecc00000)
  to   space 4096K, 0% used [0x00000000ec400000,0x00000000ec400000,0x00000000ec800000)
 ParOldGen       total 68608K, used 5596K [0x00000000c0000000, 0x00000000c4300000, 0x00000000eab00000)
  object space 68608K, 8% used [0x00000000c0000000,0x00000000c0577140,0x00000000c4300000)
 Metaspace       used 15761K, committed 16384K, reserved 1114112K
  class space    used 1520K, committed 1792K, reserved 1048576K
}

Deoptimization events (20 events):
Event: 4.574 Thread 0x000002de1b5042a0 Uncommon trap: trap_request=0xffffff45 fr.pc=0x000002de0f41027c relative=0x0000000000000edc
Event: 4.574 Thread 0x000002de1b5042a0 Uncommon trap: reason=unstable_if action=reinterpret pc=0x000002de0f41027c method=java.util.Properties.loadConvert([CIILjava/lang/StringBuilder;)Ljava/lang/String; @ 491 c2
Event: 4.574 Thread 0x000002de1b5042a0 DEOPT PACKING pc=0x000002de0f41027c sp=0x000000f4983f7cd0
Event: 4.574 Thread 0x000002de1b5042a0 DEOPT UNPACKING pc=0x000002de078c20a3 sp=0x000000f4983f7cb0 mode 2
Event: 4.807 Thread 0x000002de1b5042a0 Uncommon trap: trap_request=0xffffff45 fr.pc=0x000002de0f3e2040 relative=0x0000000000000040
Event: 4.807 Thread 0x000002de1b5042a0 Uncommon trap: reason=unstable_if action=reinterpret pc=0x000002de0f3e2040 method=sun.nio.fs.WindowsPathParser.isSlash(C)Z @ 9 c2
Event: 4.807 Thread 0x000002de1b5042a0 DEOPT PACKING pc=0x000002de0f3e2040 sp=0x000000f4983f93a0
Event: 4.807 Thread 0x000002de1b5042a0 DEOPT UNPACKING pc=0x000002de078c20a3 sp=0x000000f4983f9328 mode 2
Event: 4.853 Thread 0x000002de1b5042a0 Uncommon trap: trap_request=0xffffffde fr.pc=0x000002de0f41b0bc relative=0x000000000000089c
Event: 4.853 Thread 0x000002de1b5042a0 Uncommon trap: reason=class_check action=maybe_recompile pc=0x000002de0f41b0bc method=java.io.BufferedInputStream.read1([BII)I @ 39 c2
Event: 4.853 Thread 0x000002de1b5042a0 DEOPT PACKING pc=0x000002de0f41b0bc sp=0x000000f4983f92c0
Event: 4.853 Thread 0x000002de1b5042a0 DEOPT UNPACKING pc=0x000002de078c20a3 sp=0x000000f4983f91f8 mode 2
Event: 4.927 Thread 0x000002de1b5042a0 Uncommon trap: trap_request=0xffffffde fr.pc=0x000002de0f41b0bc relative=0x000000000000089c
Event: 4.927 Thread 0x000002de1b5042a0 Uncommon trap: reason=class_check action=maybe_recompile pc=0x000002de0f41b0bc method=java.io.BufferedInputStream.read1([BII)I @ 39 c2
Event: 4.927 Thread 0x000002de1b5042a0 DEOPT PACKING pc=0x000002de0f41b0bc sp=0x000000f4983f9290
Event: 4.927 Thread 0x000002de1b5042a0 DEOPT UNPACKING pc=0x000002de078c20a3 sp=0x000000f4983f91c8 mode 2
Event: 5.594 Thread 0x000002de1b5042a0 Uncommon trap: trap_request=0xffffff45 fr.pc=0x000002de0f435fb4 relative=0x0000000000000314
Event: 5.594 Thread 0x000002de1b5042a0 Uncommon trap: reason=unstable_if action=reinterpret pc=0x000002de0f435fb4 method=org.lombokweb.asm.Label.resolve([BI)Z @ 80 c2
Event: 5.594 Thread 0x000002de1b5042a0 DEOPT PACKING pc=0x000002de0f435fb4 sp=0x000000f4983f2b80
Event: 5.594 Thread 0x000002de1b5042a0 DEOPT UNPACKING pc=0x000002de078c20a3 sp=0x000000f4983f2a80 mode 2

Classes loaded (20 events):
Event: 5.134 Loading class java/io/StringReader
Event: 5.134 Loading class java/io/StringReader done
Event: 5.143 Loading class java/util/zip/GZIPInputStream
Event: 5.144 Loading class java/util/zip/GZIPInputStream done
Event: 5.150 Loading class java/net/SocketTimeoutException
Event: 5.150 Loading class java/io/InterruptedIOException
Event: 5.151 Loading class java/io/InterruptedIOException done
Event: 5.151 Loading class java/net/SocketTimeoutException done
Event: 5.151 Loading class java/net/SocketException
Event: 5.151 Loading class java/net/SocketException done
Event: 5.151 Loading class java/net/UnknownHostException
Event: 5.151 Loading class java/net/UnknownHostException done
Event: 5.151 Loading class java/net/ProtocolException
Event: 5.152 Loading class java/net/ProtocolException done
Event: 5.182 Loading class java/lang/ThreadLocal$SuppliedThreadLocal
Event: 5.183 Loading class java/lang/ThreadLocal$SuppliedThreadLocal done
Event: 5.202 Loading class java/io/FileWriter
Event: 5.202 Loading class java/io/FileWriter done
Event: 5.310 Loading class java/lang/NegativeArraySizeException
Event: 5.311 Loading class java/lang/NegativeArraySizeException done

Classes unloaded (0 events):
No events

Classes redefined (0 events):
No events

Internal exceptions (20 events):
Event: 4.147 Thread 0x000002de1b5042a0 Exception <a 'java/lang/NoSuchMethodError'{0x00000000ebda8c40}: 'void java.lang.invoke.Invokers$Holder.invokeExact_MT(java.lang.Object, java.lang.Object, java.lang.Object)'> (0x00000000ebda8c40) 
thrown [s\open\src\hotspot\share\interpreter\linkResolver.cpp, line 759]
Event: 4.305 Thread 0x000002de1b5042a0 Exception <a 'java/lang/NoSuchMethodError'{0x00000000ebf46908}: 'void java.lang.invoke.DirectMethodHandle$Holder.invokeVirtual(java.lang.Object, java.lang.Object)'> (0x00000000ebf46908) 
thrown [s\open\src\hotspot\share\interpreter\linkResolver.cpp, line 759]
Event: 4.357 Thread 0x000002de1b5042a0 Exception <a 'java/lang/NoSuchMethodError'{0x00000000ec04a490}: 'java.lang.Object java.lang.invoke.DirectMethodHandle$Holder.invokeVirtual(java.lang.Object, java.lang.Object, java.lang.Object)'> (0x00000000ec04a490) 
thrown [s\open\src\hotspot\share\interpreter\linkResolver.cpp, line 759]
Event: 4.362 Thread 0x000002de1b5042a0 Exception <a 'java/lang/NoSuchMethodError'{0x00000000ec063398}: 'java.lang.Object java.lang.invoke.DelegatingMethodHandle$Holder.reinvoke_L(java.lang.Object, java.lang.Object, java.lang.Object, java.lang.Object, int, int)'> (0x00000000ec063398) 
thrown [s\open\src\hotspot\share\interpreter\linkResolver.cpp, line 759]
Event: 4.371 Thread 0x000002de1b5042a0 Exception <a 'java/lang/NoSuchMethodError'{0x00000000ec080fe0}: 'java.lang.Object java.lang.invoke.DirectMethodHandle$Holder.newInvokeSpecial(java.lang.Object, java.lang.Object, java.lang.Object, java.lang.Object, java.lang.Object, java.lang.Object)'> (0x00000000ec080fe0) 
thrown [s\open\src\hotspot\share\interpreter\linkResolver.cpp, line 759]
Event: 4.399 Thread 0x000002de1b5042a0 Exception <a 'java/lang/NoSuchMethodError'{0x00000000ec0af300}: 'void java.lang.invoke.Invokers$Holder.invokeExact_MT(java.lang.Object, java.lang.Object, java.lang.Object, java.lang.Object)'> (0x00000000ec0af300) 
thrown [s\open\src\hotspot\share\interpreter\linkResolver.cpp, line 759]
Event: 4.611 Thread 0x000002de1b5042a0 Exception <a 'java/io/FileNotFoundException'{0x00000000ec3178b8}> (0x00000000ec3178b8) 
thrown [s\open\src\hotspot\share\prims\jni.cpp, line 516]
Event: 4.612 Thread 0x000002de1b5042a0 Exception <a 'java/io/FileNotFoundException'{0x00000000ec31e748}> (0x00000000ec31e748) 
thrown [s\open\src\hotspot\share\prims\jni.cpp, line 516]
Event: 4.711 Thread 0x000002de1b5042a0 Exception <a 'java/lang/NoSuchMethodError'{0x00000000ead326b0}: 'java.lang.Object java.lang.invoke.DirectMethodHandle$Holder.newInvokeSpecial(java.lang.Object, java.lang.Object, java.lang.Object, java.lang.Object, java.lang.Object)'> (0x00000000ead326b0) 
thrown [s\open\src\hotspot\share\interpreter\linkResolver.cpp, line 759]
Event: 4.970 Thread 0x000002de1b5042a0 Exception <a 'java/lang/NoSuchMethodError'{0x00000000eb0a1e48}: 'java.lang.Object java.lang.invoke.DirectMethodHandle$Holder.invokeSpecial(java.lang.Object, java.lang.Object, java.lang.Object, long, java.lang.Object)'> (0x00000000eb0a1e48) 
thrown [s\open\src\hotspot\share\interpreter\linkResolver.cpp, line 759]
Event: 4.972 Thread 0x000002de1b5042a0 Exception <a 'java/lang/NoSuchMethodError'{0x00000000eb0a9f70}: 'java.lang.Object java.lang.invoke.DirectMethodHandle$Holder.newInvokeSpecial(java.lang.Object, java.lang.Object, java.lang.Object, long)'> (0x00000000eb0a9f70) 
thrown [s\open\src\hotspot\share\interpreter\linkResolver.cpp, line 759]
Event: 4.972 Thread 0x000002de1b5042a0 Exception <a 'java/lang/NoSuchMethodError'{0x00000000eb0adfe0}: 'java.lang.Object java.lang.invoke.Invokers$Holder.linkToTargetMethod(java.lang.Object, java.lang.Object, long, java.lang.Object)'> (0x00000000eb0adfe0) 
thrown [s\open\src\hotspot\share\interpreter\linkResolver.cpp, line 759]
Event: 4.987 Thread 0x000002de1b5042a0 Exception <a 'java/lang/NoSuchMethodError'{0x00000000eb12a818}: 'int java.lang.invoke.DirectMethodHandle$Holder.invokeStaticInit(java.lang.Object, java.lang.Object, java.lang.Object)'> (0x00000000eb12a818) 
thrown [s\open\src\hotspot\share\interpreter\linkResolver.cpp, line 759]
Event: 4.996 Thread 0x000002de1b5042a0 Exception <a 'java/lang/IncompatibleClassChangeError'{0x00000000eb193c70}: Found class java.lang.Object, but interface was expected> (0x00000000eb193c70) 
thrown [s\open\src\hotspot\share\interpreter\linkResolver.cpp, line 826]
Event: 5.005 Thread 0x000002de1b5042a0 Exception <a 'java/lang/NoSuchMethodError'{0x00000000eb1a6420}: 'java.lang.Object java.lang.invoke.DirectMethodHandle$Holder.invokeSpecial(java.lang.Object, java.lang.Object, java.lang.Object, int, java.lang.Object, java.lang.Object)'> (0x00000000eb1a6420) 
thrown [s\open\src\hotspot\share\interpreter\linkResolver.cpp, line 759]
Event: 5.006 Thread 0x000002de1b5042a0 Exception <a 'java/lang/NoSuchMethodError'{0x00000000eb1ae7b0}: 'java.lang.Object java.lang.invoke.DirectMethodHandle$Holder.newInvokeSpecial(java.lang.Object, java.lang.Object, java.lang.Object, int, java.lang.Object)'> (0x00000000eb1ae7b0) 
thrown [s\open\src\hotspot\share\interpreter\linkResolver.cpp, line 759]
Event: 5.007 Thread 0x000002de1b5042a0 Exception <a 'java/lang/NoSuchMethodError'{0x00000000eb1b24b8}: 'java.lang.Object java.lang.invoke.Invokers$Holder.linkToTargetMethod(java.lang.Object, java.lang.Object, int, java.lang.Object, java.lang.Object)'> (0x00000000eb1b24b8) 
thrown [s\open\src\hotspot\share\interpreter\linkResolver.cpp, line 759]
Event: 5.008 Thread 0x000002de1b9ef720 Exception <a 'java/lang/NoSuchMethodError'{0x00000000eb0cdc28}: 'java.lang.Object java.lang.invoke.DirectMethodHandle$Holder.invokeSpecial(java.lang.Object, java.lang.Object, int, java.lang.Object, java.lang.Object)'> (0x00000000eb0cdc28) 
thrown [s\open\src\hotspot\share\interpreter\linkResolver.cpp, line 759]
Event: 5.008 Thread 0x000002de1b9ef720 Exception <a 'java/lang/NoSuchMethodError'{0x00000000eb0d52f0}: 'java.lang.Object java.lang.invoke.DirectMethodHandle$Holder.newInvokeSpecial(java.lang.Object, java.lang.Object, int, java.lang.Object)'> (0x00000000eb0d52f0) 
thrown [s\open\src\hotspot\share\interpreter\linkResolver.cpp, line 759]
Event: 5.048 Thread 0x000002de1b5042a0 Exception <a 'java/lang/NoSuchMethodError'{0x00000000eb3578f8}: 'void java.lang.invoke.DirectMethodHandle$Holder.invokeSpecial(java.lang.Object, java.lang.Object, java.lang.Object, java.lang.Object, java.lang.Object)'> (0x00000000eb3578f8) 
thrown [s\open\src\hotspot\share\interpreter\linkResolver.cpp, line 759]

VM Operations (20 events):
Event: 2.610 Executing VM operation: Cleanup
Event: 2.610 Executing VM operation: Cleanup done
Event: 2.692 Executing VM operation: HandshakeAllThreads
Event: 2.692 Executing VM operation: HandshakeAllThreads done
Event: 2.705 Executing VM operation: HandshakeAllThreads
Event: 2.705 Executing VM operation: HandshakeAllThreads done
Event: 2.739 Executing VM operation: HandshakeAllThreads
Event: 2.739 Executing VM operation: HandshakeAllThreads done
Event: 3.292 Executing VM operation: HandshakeAllThreads
Event: 3.293 Executing VM operation: HandshakeAllThreads done
Event: 3.329 Executing VM operation: ParallelGCFailedAllocation
Event: 3.338 Executing VM operation: ParallelGCFailedAllocation done
Event: 3.920 Executing VM operation: HandshakeAllThreads
Event: 3.920 Executing VM operation: HandshakeAllThreads done
Event: 4.639 Executing VM operation: ParallelGCFailedAllocation
Event: 4.648 Executing VM operation: ParallelGCFailedAllocation done
Event: 5.027 Executing VM operation: HandshakeAllThreads
Event: 5.027 Executing VM operation: HandshakeAllThreads done
Event: 5.291 Executing VM operation: ParallelGCFailedAllocation
Event: 5.297 Executing VM operation: ParallelGCFailedAllocation done

Events (20 events):
Event: 0.636 Thread 0x000002de1ae3c6c0 Thread added: 0x000002de1ae3c6c0
Event: 0.644 Thread 0x000002de1ae5fb50 Thread added: 0x000002de1ae5fb50
Event: 1.574 Thread 0x000002de1ae5fb50 Thread exited: 0x000002de1ae5fb50
Event: 2.104 Thread 0x000002de1b58d020 Thread added: 0x000002de1b58d020
Event: 2.253 Thread 0x000002de1b58d020 Thread exited: 0x000002de1b58d020
Event: 2.562 Thread 0x000002de1b7151f0 Thread added: 0x000002de1b7151f0
Event: 2.669 Thread 0x000002de1ac1f430 Thread added: 0x000002de1ac1f430
Event: 3.153 Thread 0x000002de1b503de0 Thread added: 0x000002de1b503de0
Event: 3.159 Thread 0x000002de1b5042a0 Thread added: 0x000002de1b5042a0
Event: 3.192 Loaded shared library C:\Users\ASUS\AppData\Roaming\Code\User\globalStorage\redhat.java\1.27.0\config_ss_win\org.eclipse.equinox.launcher\org.eclipse.equinox.launcher.win32.win32.x86_64_1.2.900.v20240129-1338\eclipse_11900.dll
Event: 3.224 Thread 0x000002de1b502610 Thread added: 0x000002de1b502610
Event: 3.447 Thread 0x000002de1b7151f0 Thread exited: 0x000002de1b7151f0
Event: 3.532 Thread 0x000002de1b7151f0 Thread added: 0x000002de1b7151f0
Event: 4.003 Thread 0x000002de1b690450 Thread added: 0x000002de1b690450
Event: 4.662 Thread 0x000002de1b9e8030 Thread added: 0x000002de1b9e8030
Event: 4.912 Thread 0x000002de1b9e8030 Thread exited: 0x000002de1b9e8030
Event: 4.977 Thread 0x000002de1b9ef720 Thread added: 0x000002de1b9ef720
Event: 5.008 Thread 0x000002de1b9f00c0 Thread added: 0x000002de1b9f00c0
Event: 5.109 Thread 0x000002de1b665050 Thread added: 0x000002de1b665050
Event: 5.188 Thread 0x000002de1b9edf10 Thread added: 0x000002de1b9edf10


Dynamic libraries:
0x00007ff6dcb80000 - 0x00007ff6dcb90000 	c:\Program Files\Java\jdk-18.0.2.1\bin\java.exe
0x00007ffa75580000 - 0x00007ffa75789000 	C:\WINDOWS\SYSTEM32\ntdll.dll
0x00007ffa74a60000 - 0x00007ffa74b1d000 	C:\WINDOWS\System32\KERNEL32.DLL
0x00007ffa72a10000 - 0x00007ffa72d94000 	C:\WINDOWS\System32\KERNELBASE.dll
0x00007ffa730a0000 - 0x00007ffa731b1000 	C:\WINDOWS\System32\ucrtbase.dll
0x00007ffa4d490000 - 0x00007ffa4d4a8000 	c:\Program Files\Java\jdk-18.0.2.1\bin\jli.dll
0x00007ffa4b780000 - 0x00007ffa4b79a000 	c:\Program Files\Java\jdk-18.0.2.1\bin\VCRUNTIME140.dll
0x00007ffa74c80000 - 0x00007ffa74d2e000 	C:\WINDOWS\System32\ADVAPI32.dll
0x00007ffa73c60000 - 0x00007ffa73d03000 	C:\WINDOWS\System32\msvcrt.dll
0x00007ffa73b50000 - 0x00007ffa73bee000 	C:\WINDOWS\System32\sechost.dll
0x00007ffa74b50000 - 0x00007ffa74c71000 	C:\WINDOWS\System32\RPCRT4.dll
0x00007ffa73410000 - 0x00007ffa735bd000 	C:\WINDOWS\System32\USER32.dll
0x00007ffa72fd0000 - 0x00007ffa72ff6000 	C:\WINDOWS\System32\win32u.dll
0x00007ffa71c60000 - 0x00007ffa71f05000 	C:\WINDOWS\WinSxS\amd64_microsoft.windows.common-controls_6595b64144ccf1df_6.0.22000.120_none_9d947278b86cc467\COMCTL32.dll
0x00007ffa753a0000 - 0x00007ffa753ca000 	C:\WINDOWS\System32\GDI32.dll
0x00007ffa732b0000 - 0x00007ffa733ce000 	C:\WINDOWS\System32\gdi32full.dll
0x00007ffa73000000 - 0x00007ffa7309d000 	C:\WINDOWS\System32\msvcp_win.dll
0x00007ffa6acb0000 - 0x00007ffa6acba000 	C:\WINDOWS\SYSTEM32\VERSION.dll
0x00007ffa733d0000 - 0x00007ffa73401000 	C:\WINDOWS\System32\IMM32.DLL
0x00007ffa57020000 - 0x00007ffa5702c000 	c:\Program Files\Java\jdk-18.0.2.1\bin\vcruntime140_1.dll
0x00007ffa32b30000 - 0x00007ffa32bbd000 	c:\Program Files\Java\jdk-18.0.2.1\bin\msvcp140.dll
0x00007ff9f1bb0000 - 0x00007ff9f27c1000 	c:\Program Files\Java\jdk-18.0.2.1\bin\server\jvm.dll
0x00007ffa73b40000 - 0x00007ffa73b48000 	C:\WINDOWS\System32\PSAPI.DLL
0x00007ffa60be0000 - 0x00007ffa60be9000 	C:\WINDOWS\SYSTEM32\WSOCK32.dll
0x00007ffa6ccf0000 - 0x00007ffa6cd23000 	C:\WINDOWS\SYSTEM32\WINMM.dll
0x00007ffa74540000 - 0x00007ffa745af000 	C:\WINDOWS\System32\WS2_32.dll
0x00007ffa71440000 - 0x00007ffa71458000 	C:\WINDOWS\SYSTEM32\kernel.appcore.dll
0x00007ffa56c80000 - 0x00007ffa56c8a000 	c:\Program Files\Java\jdk-18.0.2.1\bin\jimage.dll
0x00007ffa72350000 - 0x00007ffa72571000 	C:\WINDOWS\SYSTEM32\DBGHELP.DLL
0x00007ffa72220000 - 0x00007ffa72251000 	C:\WINDOWS\SYSTEM32\dbgcore.DLL
0x00007ffa73230000 - 0x00007ffa732af000 	C:\WINDOWS\System32\bcryptPrimitives.dll
0x00007ffa56b10000 - 0x00007ffa56b1e000 	c:\Program Files\Java\jdk-18.0.2.1\bin\instrument.dll
0x00007ffa418b0000 - 0x00007ffa418d5000 	c:\Program Files\Java\jdk-18.0.2.1\bin\java.dll
0x00007ffa2dd20000 - 0x00007ffa2ddf6000 	c:\Program Files\Java\jdk-18.0.2.1\bin\jsvml.dll
0x00007ffa73d70000 - 0x00007ffa74535000 	C:\WINDOWS\System32\SHELL32.dll
0x00007ffa70430000 - 0x00007ffa70c92000 	C:\WINDOWS\SYSTEM32\windows.storage.dll
0x00007ffa74d50000 - 0x00007ffa750c6000 	C:\WINDOWS\System32\combase.dll
0x00007ffa702c0000 - 0x00007ffa70427000 	C:\WINDOWS\SYSTEM32\wintypes.dll
0x00007ffa75450000 - 0x00007ffa7553a000 	C:\WINDOWS\System32\SHCORE.dll
0x00007ffa74a00000 - 0x00007ffa74a5d000 	C:\WINDOWS\System32\shlwapi.dll
0x00007ffa72940000 - 0x00007ffa72965000 	C:\WINDOWS\SYSTEM32\profapi.dll
0x00007ffa55260000 - 0x00007ffa55278000 	c:\Program Files\Java\jdk-18.0.2.1\bin\zip.dll
0x00007ffa49cf0000 - 0x00007ffa49d03000 	C:\Program Files\Java\jdk-18.0.2.1\bin\net.dll
0x00007ffa6d0f0000 - 0x00007ffa6d204000 	C:\WINDOWS\SYSTEM32\WINHTTP.dll
0x00007ffa718a0000 - 0x00007ffa71907000 	C:\WINDOWS\system32\mswsock.dll
0x00007ffa43cb0000 - 0x00007ffa43cc6000 	C:\Program Files\Java\jdk-18.0.2.1\bin\nio.dll
0x00007ffa56920000 - 0x00007ffa56930000 	c:\Program Files\Java\jdk-18.0.2.1\bin\verify.dll
0x00007ffa3c1e0000 - 0x00007ffa3c21e000 	C:\Users\ASUS\AppData\Roaming\Code\User\globalStorage\redhat.java\1.27.0\config_ss_win\org.eclipse.equinox.launcher\org.eclipse.equinox.launcher.win32.win32.x86_64_1.2.900.v20240129-1338\eclipse_11900.dll
0x00007ffa75200000 - 0x00007ffa7539a000 	C:\WINDOWS\System32\ole32.dll

dbghelp: loaded successfully - version: 4.0.5 - missing functions: none
symbol engine: initialized successfully - sym options: 0x614 - pdb path: .;c:\Program Files\Java\jdk-18.0.2.1\bin;C:\WINDOWS\SYSTEM32;C:\WINDOWS\WinSxS\amd64_microsoft.windows.common-controls_6595b64144ccf1df_6.0.22000.120_none_9d947278b86cc467;c:\Program Files\Java\jdk-18.0.2.1\bin\server;C:\Users\ASUS\AppData\Roaming\Code\User\globalStorage\redhat.java\1.27.0\config_ss_win\org.eclipse.equinox.launcher\org.eclipse.equinox.launcher.win32.win32.x86_64_1.2.900.v20240129-1338

VM Arguments:
jvm_args: --add-modules=ALL-SYSTEM --add-opens=java.base/java.util=ALL-UNNAMED --add-opens=java.base/java.lang=ALL-UNNAMED --add-opens=java.base/sun.nio.fs=ALL-UNNAMED -Declipse.application=org.eclipse.jdt.ls.core.id1 -Dosgi.bundles.defaultStartLevel=4 -Declipse.product=org.eclipse.jdt.ls.core.product -Djava.import.generatesMetadataFilesAtProjectRoot=false -DDetectVMInstallationsJob.disabled=true -Dfile.encoding=utf8 -XX:+UseParallelGC -XX:GCTimeRatio=4 -XX:AdaptiveSizePolicyWeight=90 -Dsun.zip.disableMemoryMapping=true -Xmx1G -Xms100m -Xlog:disable -javaagent:c:\Users\ASUS\.vscode\extensions\redhat.java-1.27.0-win32-x64\lombok\lombok-1.18.31.jar 
java_command: c:\Users\ASUS\.vscode\extensions\redhat.java-1.27.0-win32-x64\server\plugins\org.eclipse.equinox.launcher_1.6.700.v20231214-2017.jar -configuration c:\Users\ASUS\AppData\Roaming\Code\User\globalStorage\redhat.java\1.27.0\config_ss_win -data c:\Users\ASUS\AppData\Roaming\Code\User\workspaceStorage\cafc658c12b68cc25240b6ff30f7dd56\redhat.java\ss_ws --stdio
java_class_path (initial): c:\Users\ASUS\.vscode\extensions\redhat.java-1.27.0-win32-x64\server\plugins\org.eclipse.equinox.launcher_1.6.700.v20231214-2017.jar
Launcher Type: SUN_STANDARD

[Global flags]
    uintx AdaptiveSizePolicyWeight                 = 90                                        {product} {command line}
     intx CICompilerCount                          = 4                                         {product} {ergonomic}
    uintx GCTimeRatio                              = 4                                         {product} {command line}
   size_t InitialHeapSize                          = 104857600                                 {product} {command line}
   size_t MaxHeapSize                              = 1073741824                                {product} {command line}
   size_t MaxNewSize                               = 357564416                                 {product} {ergonomic}
   size_t MinHeapDeltaBytes                        = 524288                                    {product} {ergonomic}
   size_t MinHeapSize                              = 104857600                                 {product} {command line}
   size_t NewSize                                  = 34603008                                  {product} {ergonomic}
    uintx NonNMethodCodeHeapSize                   = 5839372                                {pd product} {ergonomic}
    uintx NonProfiledCodeHeapSize                  = 122909434                              {pd product} {ergonomic}
   size_t OldSize                                  = 70254592                                  {product} {ergonomic}
    uintx ProfiledCodeHeapSize                     = 122909434                              {pd product} {ergonomic}
    uintx ReservedCodeCacheSize                    = 251658240                              {pd product} {ergonomic}
     bool SegmentedCodeCache                       = true                                      {product} {ergonomic}
   size_t SoftMaxHeapSize                          = 1073741824                             {manageable} {ergonomic}
     bool UseCompressedClassPointers               = true                           {product lp64_product} {ergonomic}
     bool UseCompressedOops                        = true                           {product lp64_product} {ergonomic}
     bool UseLargePagesIndividualAllocation        = false                                  {pd product} {ergonomic}
     bool UseParallelGC                            = true                                      {product} {command line}

Logging:
Log output configuration:
 #0: stdout all=off uptime,level,tags foldmultilines=false
 #1: stderr all=off uptime,level,tags foldmultilines=false

Environment Variables:
JAVA_HOME=C:\Program Files\Eclipse Adoptium\jdk-21.0.2.13-hotspot\
PATH=C:\Users\ASUS\AppData\Local\cloud-code\installer\google-cloud-sdk\bin;C:\Program Files\Eclipse Adoptium\jdk-21.0.2.13-hotspot\bin;C:\Program Files\Eclipse Adoptium\jdk-17.0.9.9-hotspot\bin;C:\Program Files\Common Files\Oracle\Java\javapath;C:\Windows\system32;C:\Windows;C:\Windows\System32\Wbem;C:\Windows\System32\WindowsPowerShell\v1.0\;C:\Windows\System32\OpenSSH\;C:\Program Files (x86)\NVIDIA Corporation\PhysX\Common;C:\Program Files\NVIDIA Corporation\NVIDIA NvDLISR;C:\Program Files\Git\cmd;D:\New folderD:\New folder;;C:\WINDOWS\system32;C:\WINDOWS;C:\WINDOWS\System32\Wbem;C:\WINDOWS\System32\WindowsPowerShell\v1.0\;C:\WINDOWS\System32\OpenSSH\;C:\ProgramData\chocolatey\bin;C:\Program Files\dotnet\;C:\Program Files\nodejs\;C:\Users\ASUS\AppData\Local\Programs\Python\Python310\Scripts\;C:\Users\ASUS\AppData\Local\Programs\Python\Python310\;C:\Users\ASUS\AppData\Local\Microsoft\WindowsApps;C:\Users\ASUS\AppData\Local\Programs\Microsoft VS Code\bin;C:\Program Files\JetBrains\PyCharm Community Edition 2022.1.1\bin;;C:\Users\ASUS\AppData\Local\JetBrains\IntelliJ IDEA Community Edition 2023.3.2\bin;;C:\Users\ASUS\AppData\Local\GitHubDesktop\bin;C:\Users\ASUS\AppData\Roaming\npm;C:\Users\ASUS\AppData\Local\Google\Cloud SDK\google-cloud-sdk\bin;C:\Program Files (x86)\Google\Cloud SDK\google-cloud-sdk\bin;C:\Program Files\Google\Cloud SDK\google-cloud-sdk\bin
USERNAME=ASUS
OS=Windows_NT
PROCESSOR_IDENTIFIER=Intel64 Family 6 Model 165 Stepping 2, GenuineIntel



---------------  S Y S T E M  ---------------

OS:
 Windows 11 , 64 bit Build 22000 (10.0.22000.2538)
OS uptime: 7 days 0:51 hours
Hyper-V role detected

CPU: total 8 (initial active 8) (4 cores per cpu, 2 threads per core) family 6 model 165 stepping 2 microcode 0xe0, cx8, cmov, fxsr, ht, mmx, 3dnowpref, sse, sse2, sse3, ssse3, sse4.1, sse4.2, popcnt, lzcnt, tsc, tscinvbit, avx, avx2, aes, erms, clmul, bmi1, bmi2, adx, fma, vzeroupper, clflush, clflushopt, hv

Memory: 4k page, system-wide physical 8029M (417M free)
TotalPageFile size 16256M (AvailPageFile size 9M)
current process WorkingSet (physical memory assigned to process): 121M, peak: 121M
current process commit charge ("private bytes"): 236M, peak: 236M

vm_info: Java HotSpot(TM) 64-Bit Server VM (18.0.2.1+1-1) for windows-amd64 JRE (18.0.2.1+1-1), built on Aug 16 2022 01:46:33 by "mach5one" with MS VC++ 16.8 / 16.9 (VS2019)

END.
